Using pre-set license
Built from '2020.3/release' branch; Version is '2020.3.7f1 (dd97f2c94397) revision 14522354'; Using compiler version '192528614'; Build Type 'Release'
OS: 'Windows 10 Pro; OS build 19042.1526; Version 2009; 64bit' Language: 'ko' Physical Memory: 16300 MB
BatchMode: 1, IsHumanControllingUs: 0, StartBugReporterOnCrash: 0, Is64bit: 1, IsPro: 0

 COMMAND LINE ARGUMENTS:
D:\2020.3.7f1\Editor\Unity.exe
-adb2
-batchMode
-noUpm
-name
AssetImportWorker0
-projectPath
D:/SVN/Unity/Dungreed
-logFile
Logs/AssetImportWorker0.log
-srvPort
13243
Successfully changed project path to: D:/SVN/Unity/Dungreed
D:/SVN/Unity/Dungreed
Using Asset Import Pipeline V2.
Refreshing native plugins compatible for Editor in 37.47 ms, found 1 plugins.
Preloading 0 native plugins for Editor in 0.00 ms.
Initialize engine version: 2020.3.7f1 (dd97f2c94397)
[Subsystems] Discovering subsystems at path D:/2020.3.7f1/Editor/Data/Resources/UnitySubsystems
[Subsystems] Discovering subsystems at path D:/SVN/Unity/Dungreed/Assets
GfxDevice: creating device client; threaded=0
Direct3D:
    Version:  Direct3D 11.0 [level 11.1]
    Renderer: NVIDIA GeForce GTX 1660 SUPER (ID=0x21c4)
    Vendor:   
    VRAM:     5991 MB
    Driver:   27.21.14.6089
Initialize mono
Mono path[0] = 'D:/2020.3.7f1/Editor/Data/Managed'
Mono path[1] = 'D:/2020.3.7f1/Editor/Data/MonoBleedingEdge/lib/mono/unityjit'
Mono config path = 'D:/2020.3.7f1/Editor/Data/MonoBleedingEdge/etc'
Using monoOptions --debugger-agent=transport=dt_socket,embedding=1,server=y,suspend=n,address=127.0.0.1:56288
Begin MonoManager ReloadAssembly
Registering precompiled unity dll's ...
Register platform support module: D:/2020.3.7f1/Editor/Data/PlaybackEngines/WindowsStandaloneSupport/UnityEditor.WindowsStandalone.Extensions.dll
Registered in 0.001029 seconds.
Native extension for WindowsStandalone target not found
Refreshing native plugins compatible for Editor in 38.46 ms, found 1 plugins.
Preloading 0 native plugins for Editor in 0.00 ms.
Mono: successfully reloaded assembly
- Completed reload, in  1.412 seconds
Platform modules already initialized, skipping
Registering precompiled user dll's ...
Registered in 0.001502 seconds.
Begin MonoManager ReloadAssembly
Native extension for WindowsStandalone target not found
Refreshing native plugins compatible for Editor in 38.88 ms, found 1 plugins.
Preloading 0 native plugins for Editor in 0.00 ms.
Mono: successfully reloaded assembly
- Completed reload, in  0.747 seconds
Platform modules already initialized, skipping
========================================================================
Worker process is ready to serve import requests
Launched and connected shader compiler UnityShaderCompiler.exe after 0.04 seconds
Refreshing native plugins compatible for Editor in 0.43 ms, found 1 plugins.
Preloading 0 native plugins for Editor in 0.00 ms.
Unloading 1946 Unused Serialized files (Serialized files now loaded: 0)
System memory in use before: 91.2 MB.
System memory in use after: 91.3 MB.

Unloading 21 unused Assets to reduce memory usage. Loaded Objects now: 2402.
Total: 1.954600 ms (FindLiveObjects: 0.172900 ms CreateObjectMapping: 0.089300 ms MarkObjects: 1.640800 ms  DeleteObjects: 0.051100 ms)

========================================================================
Received Import Request.
  path: Assets/Resources/Prefabs/Map_Prefabs/DungeonMapPrefabs/WormbNonButton.prefab
  artifactKey: Guid(413e32e530a0f5d4baceec057bf1c286) Importer(815301076,1909f56bfc062723c751e8b465ee728b)
Start importing Assets/Resources/Prefabs/Map_Prefabs/DungeonMapPrefabs/WormbNonButton.prefab using Guid(413e32e530a0f5d4baceec057bf1c286) Importer(815301076,1909f56bfc062723c751e8b465ee728b)  -> (artifact id: '8a5f26e39a7b501b888d974c00b64ac1') in 0.040677 seconds
  Import took 0.043271 seconds .

========================================================================
Received Import Request.
  Time since last request: 0.000336 seconds.
  path: Assets/Resources/Prefabs/Map_Prefabs/DungeonMapPrefabs
  artifactKey: Guid(a577f68e2bdd8214fa583b90a88c43a5) Importer(815301076,1909f56bfc062723c751e8b465ee728b)
Start importing Assets/Resources/Prefabs/Map_Prefabs/DungeonMapPrefabs using Guid(a577f68e2bdd8214fa583b90a88c43a5) Importer(815301076,1909f56bfc062723c751e8b465ee728b)  -> (artifact id: '22068237c8784785652498dfd8867ea5') in 0.001998 seconds
  Import took 0.004155 seconds .

========================================================================
Received Import Request.
  Time since last request: 0.000192 seconds.
  path: Assets/Resources/Prefabs/Map_Prefabs/DungeonMapPrefabs/DungeonMapCanvas.prefab
  artifactKey: Guid(df0e02d3f8f340645b350b28f9bc2f08) Importer(815301076,1909f56bfc062723c751e8b465ee728b)
Start importing Assets/Resources/Prefabs/Map_Prefabs/DungeonMapPrefabs/DungeonMapCanvas.prefab using Guid(df0e02d3f8f340645b350b28f9bc2f08) Importer(815301076,1909f56bfc062723c751e8b465ee728b)  -> (artifact id: 'd4c1947c75646a5085da8b6726b7fc3a') in 0.022884 seconds
  Import took 0.025596 seconds .

========================================================================
Received Import Request.
  Time since last request: 0.000159 seconds.
  path: Assets/Resources/Prefabs/Map_Prefabs/DungeonMapPrefabs/Map_Room_Icon.prefab
  artifactKey: Guid(8d90a3f0cfc410c428280a510056b851) Importer(815301076,1909f56bfc062723c751e8b465ee728b)
Start importing Assets/Resources/Prefabs/Map_Prefabs/DungeonMapPrefabs/Map_Room_Icon.prefab using Guid(8d90a3f0cfc410c428280a510056b851) Importer(815301076,1909f56bfc062723c751e8b465ee728b)  -> (artifact id: 'bee2f2d7d626586ab8543f2888809c5f') in 0.006926 seconds
  Import took 0.009497 seconds .

========================================================================
Received Import Request.
  Time since last request: 9.595028 seconds.
  path: Assets/Scenes/Main_Scene.unity
  artifactKey: Guid(802333645554dbb44961a9d8eca385c2) Importer(815301076,1909f56bfc062723c751e8b465ee728b)
Start importing Assets/Scenes/Main_Scene.unity using Guid(802333645554dbb44961a9d8eca385c2) Importer(815301076,1909f56bfc062723c751e8b465ee728b)  -> (artifact id: '4868e67c68d74b02850e547254b433df') in 0.010946 seconds
  Import took 0.013424 seconds .

========================================================================
Received Prepare
Registering precompiled user dll's ...
Registered in 0.001693 seconds.
Begin MonoManager ReloadAssembly
Native extension for WindowsStandalone target not found
Refreshing native plugins compatible for Editor in 0.41 ms, found 1 plugins.
Preloading 0 native plugins for Editor in 0.00 ms.
Mono: successfully reloaded assembly
- Completed reload, in  0.657 seconds
Platform modules already initialized, skipping
Refreshing native plugins compatible for Editor in 0.41 ms, found 1 plugins.
Preloading 0 native plugins for Editor in 0.00 ms.
Unloading 1922 Unused Serialized files (Serialized files now loaded: 0)
System memory in use before: 89.5 MB.
System memory in use after: 89.6 MB.

Unloading 10 unused Assets to reduce memory usage. Loaded Objects now: 2406.
Total: 1.524000 ms (FindLiveObjects: 0.161600 ms CreateObjectMapping: 0.055200 ms MarkObjects: 1.290800 ms  DeleteObjects: 0.015700 ms)

AssetImportWorkerClient::OnTransportError - code=2 error=End of file
